<?xml version="1.0" encoding="UTF-8"?>
<!-- Generated by org.testng.reporters.JUnitXMLReporter -->
<testsuite hostname="admin-PC" ignored="2" name="Test" tests="2" failures="0" timestamp="26 Aug 2018 09:57:50 GMT" time="0.038" errors="0">
  <testcase name="testCaseOne" time="0.011" classname="pack.GroupTest"/>
  <testcase name="testCaseTwo" time="0.002" classname="pack.GroupTest"/>
  <testcase name="testCaseFour" time="0.0" classname="pack.GroupTest">
    <ignored/>
  </testcase> <!-- testCaseFour -->
  <testcase name="testCaseThree" time="0.0" classname="pack.GroupTest">
    <ignored/>
  </testcase> <!-- testCaseThree -->
</testsuite> <!-- Test -->
