<?xml version="1.0" encoding="UTF-8"?>
<!-- Generated by org.testng.reporters.JUnitXMLReporter -->
<testsuite hostname="admin-PC" ignored="3" name="Test" tests="5" failures="0" timestamp="27 Aug 2018 13:43:10 GMT" time="0.072" errors="0">
  <testcase name="testCaseEight" time="0.014" classname="group.GroupTest1"/>
  <testcase name="testCaseNine" time="0.003" classname="group.GroupTest1"/>
  <testcase name="testCaseSeven" time="0.002" classname="group.GroupTest1"/>
  <testcase name="testCaseTwo" time="0.002" classname="group.GroupTest"/>
  <testcase name="testCaseFour" time="0.002" classname="group.GroupTest"/>
  <testcase name="testCaseOne" time="0.0" classname="group.GroupTest">
    <ignored/>
  </testcase> <!-- testCaseOne -->
  <testcase name="testCaseThree" time="0.0" classname="group.GroupTest">
    <ignored/>
  </testcase> <!-- testCaseThree -->
  <testcase name="testCaseSix" time="0.0" classname="group.GroupTest1">
    <ignored/>
  </testcase> <!-- testCaseSix -->
</testsuite> <!-- Test -->
